This file contains any messages produced by compilers while
running configure, to aid debugging if configure makes a mistake.

It was created by epdfinfo configure 0.90, which was
generated by GNU Autoconf 2.69.  Invocation command line was

  $ ./configure -q --bindir=/root/.emacs.d/elpa/pdf-tools-20171012.2226/

## --------- ##
## Platform. ##
## --------- ##

hostname = localhost.localdomain
uname -m = x86_64
uname -r = 4.8.6-300.fc25.x86_64
uname -s = Linux
uname -v = #1 SMP Tue Nov 1 12:36:38 UTC 2016

/usr/bin/uname -p = x86_64
/bin/uname -X     = unknown

/bin/arch              = x86_64
/usr/bin/arch -k       = unknown
/usr/convex/getsysinfo = unknown
/usr/bin/hostinfo      = unknown
/bin/machine           = unknown
/usr/bin/oslevel       = unknown
/bin/universe          = unknown

PATH: /root/.pyenv/plugins/pyenv-virtualenv/shims
PATH: /root/.pyenv/shims
PATH: /root/.pyenv/bin
PATH: /usr/lib64/qt-3.3/bin
PATH: /usr/local/sbin
PATH: /usr/local/bin
PATH: /usr/sbin
PATH: /usr/bin
PATH: /root/bin
PATH: ~/.pyenv/bin


## ----------- ##
## Core tests. ##
## ----------- ##

configure:2527: checking for a BSD-compatible install
configure:2595: result: /usr/bin/install -c
configure:2606: checking whether build environment is sane
configure:2661: result: yes
configure:2812: checking for a thread-safe mkdir -p
configure:2851: result: /usr/bin/mkdir -p
configure:2858: checking for gawk
configure:2874: found /usr/bin/gawk
configure:2885: result: gawk
configure:2896: checking whether make sets $(MAKE)
configure:2918: result: yes
configure:2947: checking whether make supports nested variables
configure:2964: result: yes
configure:3143: checking for gcc
configure:3159: found /usr/bin/gcc
configure:3170: result: gcc
configure:3399: checking for C compiler version
configure:3408: gcc --version >&5
gcc (GCC) 6.4.1 20170727 (Red Hat 6.4.1-1)
Copyright (C) 2017 Free Software Foundation, Inc.
This is free software; see the source for copying conditions.  There is NO
warranty; not even for MERCHANTABILITY or FITNESS FOR A PARTICULAR PURPOSE.

configure:3419: $? = 0
configure:3408: gcc -v >&5
Using built-in specs.
COLLECT_GCC=gcc
COLLECT_LTO_WRAPPER=/usr/libexec/gcc/x86_64-redhat-linux/6.4.1/lto-wrapper
Target: x86_64-redhat-linux
Configured with: ../configure --enable-bootstrap --enable-languages=c,c++,objc,obj-c++,fortran,ada,go,lto --prefix=/usr --mandir=/usr/share/man --infodir=/usr/share/info --with-bugurl=http://bugzilla.redhat.com/bugzilla --enable-shared --enable-threads=posix --enable-checking=release --enable-multilib --with-system-zlib --enable-__cxa_atexit --disable-libunwind-exceptions --enable-gnu-unique-object --enable-linker-build-id --with-linker-hash-style=gnu --enable-plugin --enable-initfini-array --disable-libgcj --with-isl --enable-libmpx --enable-gnu-indirect-function --with-tune=generic --with-arch_32=i686 --build=x86_64-redhat-linux
Thread model: posix
gcc version 6.4.1 20170727 (Red Hat 6.4.1-1) (GCC) 
configure:3419: $? = 0
configure:3408: gcc -V >&5
gcc: error: unrecognized command line option '-V'
gcc: fatal error: no input files
compilation terminated.
configure:3419: $? = 1
configure:3408: gcc -qversion >&5
gcc: error: unrecognized command line option '-qversion'; did you mean '--version'?
gcc: fatal error: no input files
compilation terminated.
configure:3419: $? = 1
configure:3439: checking whether the C compiler works
configure:3461: gcc    conftest.c  >&5
configure:3465: $? = 0
configure:3513: result: yes
configure:3516: checking for C compiler default output file name
configure:3518: result: a.out
configure:3524: checking for suffix of executables
configure:3531: gcc -o conftest    conftest.c  >&5
configure:3535: $? = 0
configure:3557: result: 
configure:3579: checking whether we are cross compiling
configure:3587: gcc -o conftest    conftest.c  >&5
configure:3591: $? = 0
configure:3598: ./conftest
configure:3602: $? = 0
configure:3617: result: no
configure:3622: checking for suffix of object files
configure:3644: gcc -c   conftest.c >&5
configure:3648: $? = 0
configure:3669: result: o
configure:3673: checking whether we are using the GNU C compiler
configure:3692: gcc -c   conftest.c >&5
configure:3692: $? = 0
configure:3701: result: yes
configure:3710: checking whether gcc accepts -g
configure:3730: gcc -c -g  conftest.c >&5
configure:3730: $? = 0
configure:3771: result: yes
configure:3788: checking for gcc option to accept ISO C89
configure:3851: gcc  -c -g -O2  conftest.c >&5
configure:3851: $? = 0
configure:3864: result: none needed
configure:3889: checking whether gcc understands -c and -o together
configure:3911: gcc -c conftest.c -o conftest2.o
configure:3914: $? = 0
configure:3911: gcc -c conftest.c -o conftest2.o
configure:3914: $? = 0
configure:3926: result: yes
configure:3954: checking for style of include used by make
configure:3982: result: GNU
configure:4008: checking dependency style of gcc
configure:4119: result: gcc3
configure:4193: checking for g++
configure:4209: found /usr/bin/g++
configure:4220: result: g++
configure:4247: checking for C++ compiler version
configure:4256: g++ --version >&5
g++ (GCC) 6.4.1 20170727 (Red Hat 6.4.1-1)
Copyright (C) 2017 Free Software Foundation, Inc.
This is free software; see the source for copying conditions.  There is NO
warranty; not even for MERCHANTABILITY or FITNESS FOR A PARTICULAR PURPOSE.

configure:4267: $? = 0
configure:4256: g++ -v >&5
Using built-in specs.
COLLECT_GCC=g++
COLLECT_LTO_WRAPPER=/usr/libexec/gcc/x86_64-redhat-linux/6.4.1/lto-wrapper
Target: x86_64-redhat-linux
Configured with: ../configure --enable-bootstrap --enable-languages=c,c++,objc,obj-c++,fortran,ada,go,lto --prefix=/usr --mandir=/usr/share/man --infodir=/usr/share/info --with-bugurl=http://bugzilla.redhat.com/bugzilla --enable-shared --enable-threads=posix --enable-checking=release --enable-multilib --with-system-zlib --enable-__cxa_atexit --disable-libunwind-exceptions --enable-gnu-unique-object --enable-linker-build-id --with-linker-hash-style=gnu --enable-plugin --enable-initfini-array --disable-libgcj --with-isl --enable-libmpx --enable-gnu-indirect-function --with-tune=generic --with-arch_32=i686 --build=x86_64-redhat-linux
Thread model: posix
gcc version 6.4.1 20170727 (Red Hat 6.4.1-1) (GCC) 
configure:4267: $? = 0
configure:4256: g++ -V >&5
g++: error: unrecognized command line option '-V'
g++: fatal error: no input files
compilation terminated.
configure:4267: $? = 1
configure:4256: g++ -qversion >&5
g++: error: unrecognized command line option '-qversion'; did you mean '--version'?
g++: fatal error: no input files
compilation terminated.
configure:4267: $? = 1
configure:4271: checking whether we are using the GNU C++ compiler
configure:4290: g++ -c   conftest.cpp >&5
configure:4290: $? = 0
configure:4299: result: yes
configure:4308: checking whether g++ accepts -g
configure:4328: g++ -c -g  conftest.cpp >&5
configure:4328: $? = 0
configure:4369: result: yes
configure:4394: checking dependency style of g++
configure:4505: result: gcc3
configure:4563: checking for ranlib
configure:4579: found /usr/bin/ranlib
configure:4590: result: ranlib
configure:4662: checking for ar
configure:4678: found /usr/bin/ar
configure:4689: result: ar
configure:4715: checking the archiver (ar) interface
configure:4731: gcc -c -g -O2  conftest.c >&5
configure:4731: $? = 0
configure:4733: ar cru libconftest.a conftest.o >&5
configure:4736: $? = 0
configure:4764: result: ar
configure:4844: checking for pkg-config
configure:4862: found /usr/bin/pkg-config
configure:4874: result: /usr/bin/pkg-config
configure:4899: checking pkg-config is at least version 0.9.0
configure:4902: result: yes
configure:4912: checking for png
configure:4919: $PKG_CONFIG --exists --print-errors "libpng"
configure:4922: $? = 0
configure:4936: $PKG_CONFIG --exists --print-errors "libpng"
configure:4939: $? = 0
configure:4997: result: yes
configure:5003: checking for glib
configure:5010: $PKG_CONFIG --exists --print-errors "glib-2.0"
configure:5013: $? = 0
configure:5027: $PKG_CONFIG --exists --print-errors "glib-2.0"
configure:5030: $? = 0
configure:5088: result: yes
configure:5094: checking for poppler
configure:5101: $PKG_CONFIG --exists --print-errors "poppler"
configure:5104: $? = 0
configure:5118: $PKG_CONFIG --exists --print-errors "poppler"
configure:5121: $? = 0
configure:5179: result: yes
configure:5185: checking for poppler_glib
configure:5192: $PKG_CONFIG --exists --print-errors "poppler-glib >= 0.16.0"
configure:5195: $? = 0
configure:5209: $PKG_CONFIG --exists --print-errors "poppler-glib >= 0.16.0"
configure:5212: $? = 0
configure:5270: result: yes
configure:5275: $PKG_CONFIG --exists --print-errors "poppler-glib >= 0.19.4"
configure:5278: $? = 0
configure:5283: $PKG_CONFIG --exists --print-errors "poppler-glib >= 0.22"
configure:5286: $? = 0
configure:5291: $PKG_CONFIG --exists --print-errors "poppler-glib >= 0.26"
configure:5294: $? = 0
configure:5300: checking for zlib
configure:5307: $PKG_CONFIG --exists --print-errors "zlib"
configure:5310: $? = 0
configure:5324: $PKG_CONFIG --exists --print-errors "zlib"
configure:5327: $? = 0
configure:5385: result: yes
configure:5405: gcc -c -g -O2  conftest.c >&5
conftest.c:16:1: error: expected '=', ',', ';', 'asm' or '__attribute__' before 'int'
 int
 ^~~
configure:5405: $? = 1
configure: failed program was:
| /* confdefs.h */
| #define PACKAGE_NAME "epdfinfo"
| #define PACKAGE_TARNAME "epdfinfo"
| #define PACKAGE_VERSION "0.90"
| #define PACKAGE_STRING "epdfinfo 0.90"
| #define PACKAGE_BUGREPORT "politza@fh-trier.de"
| #define PACKAGE_URL ""
| #define PACKAGE "epdfinfo"
| #define VERSION "0.90"
| /* end confdefs.h.  */
| 
|      #ifndef _WIN32
|        error
|      #endif
| 
| int
| main ()
| {
| 
|   ;
|   return 0;
| }
configure:5497: checking whether C++ compiler accepts -std=c++11
configure:5516: g++ -c -g -O2  -std=c++11 -I/usr/include/poppler conftest.cpp >&5
configure:5516: $? = 0
configure:5524: result: yes
configure:5542: checking how to run the C++ preprocessor
configure:5569: g++ -E -I/usr/include/poppler conftest.cpp
configure:5569: $? = 0
configure:5583: g++ -E -I/usr/include/poppler conftest.cpp
conftest.cpp:11:28: fatal error: ac_nonexistent.h: No such file or directory
 #include <ac_nonexistent.h>
                            ^
compilation terminated.
configure:5583: $? = 1
configure: failed program was:
| /* confdefs.h */
| #define PACKAGE_NAME "epdfinfo"
| #define PACKAGE_TARNAME "epdfinfo"
| #define PACKAGE_VERSION "0.90"
| #define PACKAGE_STRING "epdfinfo 0.90"
| #define PACKAGE_BUGREPORT "politza@fh-trier.de"
| #define PACKAGE_URL ""
| #define PACKAGE "epdfinfo"
| #define VERSION "0.90"
| /* end confdefs.h.  */
| #include <ac_nonexistent.h>
configure:5608: result: g++ -E
configure:5628: g++ -E -I/usr/include/poppler conftest.cpp
configure:5628: $? = 0
configure:5642: g++ -E -I/usr/include/poppler conftest.cpp
conftest.cpp:11:28: fatal error: ac_nonexistent.h: No such file or directory
 #include <ac_nonexistent.h>
                            ^
compilation terminated.
configure:5642: $? = 1
configure: failed program was:
| /* confdefs.h */
| #define PACKAGE_NAME "epdfinfo"
| #define PACKAGE_TARNAME "epdfinfo"
| #define PACKAGE_VERSION "0.90"
| #define PACKAGE_STRING "epdfinfo 0.90"
| #define PACKAGE_BUGREPORT "politza@fh-trier.de"
| #define PACKAGE_URL ""
| #define PACKAGE "epdfinfo"
| #define VERSION "0.90"
| /* end confdefs.h.  */
| #include <ac_nonexistent.h>
configure:5671: checking for grep that handles long lines and -e
configure:5729: result: /usr/bin/grep
configure:5734: checking for egrep
configure:5796: result: /usr/bin/grep -E
configure:5801: checking for ANSI C header files
configure:5821: g++ -c -std=c++11 -g -O2 -I/usr/include/poppler conftest.cpp >&5
configure:5821: $? = 0
configure:5894: g++ -o conftest -std=c++11 -g -O2 -I/usr/include/poppler  conftest.cpp  >&5
configure:5894: $? = 0
configure:5894: ./conftest
configure:5894: $? = 0
configure:5905: result: yes
configure:5918: checking for sys/types.h
configure:5918: g++ -c -std=c++11 -g -O2 -I/usr/include/poppler conftest.cpp >&5
configure:5918: $? = 0
configure:5918: result: yes
configure:5918: checking for sys/stat.h
configure:5918: g++ -c -std=c++11 -g -O2 -I/usr/include/poppler conftest.cpp >&5
configure:5918: $? = 0
configure:5918: result: yes
configure:5918: checking for stdlib.h
configure:5918: g++ -c -std=c++11 -g -O2 -I/usr/include/poppler conftest.cpp >&5
configure:5918: $? = 0
configure:5918: result: yes
configure:5918: checking for string.h
configure:5918: g++ -c -std=c++11 -g -O2 -I/usr/include/poppler conftest.cpp >&5
configure:5918: $? = 0
configure:5918: result: yes
configure:5918: checking for memory.h
configure:5918: g++ -c -std=c++11 -g -O2 -I/usr/include/poppler conftest.cpp >&5
configure:5918: $? = 0
configure:5918: result: yes
configure:5918: checking for strings.h
configure:5918: g++ -c -std=c++11 -g -O2 -I/usr/include/poppler conftest.cpp >&5
configure:5918: $? = 0
configure:5918: result: yes
configure:5918: checking for inttypes.h
configure:5918: g++ -c -std=c++11 -g -O2 -I/usr/include/poppler conftest.cpp >&5
configure:5918: $? = 0
configure:5918: result: yes
configure:5918: checking for stdint.h
configure:5918: g++ -c -std=c++11 -g -O2 -I/usr/include/poppler conftest.cpp >&5
configure:5918: $? = 0
configure:5918: result: yes
configure:5918: checking for unistd.h
configure:5918: g++ -c -std=c++11 -g -O2 -I/usr/include/poppler conftest.cpp >&5
configure:5918: $? = 0
configure:5918: result: yes
configure:5933: checking Annot.h usability
configure:5933: g++ -c -std=c++11 -g -O2 -I/usr/include/poppler conftest.cpp >&5
configure:5933: $? = 0
configure:5933: result: yes
configure:5933: checking Annot.h presence
configure:5933: g++ -E -I/usr/include/poppler conftest.cpp
configure:5933: $? = 0
configure:5933: result: yes
configure:5933: checking for Annot.h
configure:5933: result: yes
configure:5933: checking PDFDocEncoding.h usability
configure:5933: g++ -c -std=c++11 -g -O2 -I/usr/include/poppler conftest.cpp >&5
configure:5933: $? = 0
configure:5933: result: yes
configure:5933: checking PDFDocEncoding.h presence
configure:5933: g++ -E -I/usr/include/poppler conftest.cpp
configure:5933: $? = 0
configure:5933: result: yes
configure:5933: checking for PDFDocEncoding.h
configure:5933: result: yes
configure:5976: checking build system type
configure:5990: result: x86_64-unknown-linux-gnu
configure:6010: checking host system type
configure:6023: result: x86_64-unknown-linux-gnu
configure:6049: checking how to run the C preprocessor
configure:6080: gcc -E  conftest.c
configure:6080: $? = 0
configure:6094: gcc -E  conftest.c
conftest.c:26:28: fatal error: ac_nonexistent.h: No such file or directory
 #include <ac_nonexistent.h>
                            ^
compilation terminated.
configure:6094: $? = 1
configure: failed program was:
| /* confdefs.h */
| #define PACKAGE_NAME "epdfinfo"
| #define PACKAGE_TARNAME "epdfinfo"
| #define PACKAGE_VERSION "0.90"
| #define PACKAGE_STRING "epdfinfo 0.90"
| #define PACKAGE_BUGREPORT "politza@fh-trier.de"
| #define PACKAGE_URL ""
| #define PACKAGE "epdfinfo"
| #define VERSION "0.90"
| #define STDC_HEADERS 1
| #define HAVE_SYS_TYPES_H 1
| #define HAVE_SYS_STAT_H 1
| #define HAVE_STDLIB_H 1
| #define HAVE_STRING_H 1
| #define HAVE_MEMORY_H 1
| #define HAVE_STRINGS_H 1
| #define HAVE_INTTYPES_H 1
| #define HAVE_STDINT_H 1
| #define HAVE_UNISTD_H 1
| #define HAVE_ANNOT_H 1
| #define HAVE_PDFDOCENCODING_H 1
| #define HAVE_POPPLER_FIND_OPTS 1
| #define HAVE_POPPLER_ANNOT_WRITE 1
| #define HAVE_POPPLER_ANNOT_MARKUP 1
| /* end confdefs.h.  */
| #include <ac_nonexistent.h>
configure:6119: result: gcc -E
configure:6139: gcc -E  conftest.c
configure:6139: $? = 0
configure:6153: gcc -E  conftest.c
conftest.c:26:28: fatal error: ac_nonexistent.h: No such file or directory
 #include <ac_nonexistent.h>
                            ^
compilation terminated.
configure:6153: $? = 1
configure: failed program was:
| /* confdefs.h */
| #define PACKAGE_NAME "epdfinfo"
| #define PACKAGE_TARNAME "epdfinfo"
| #define PACKAGE_VERSION "0.90"
| #define PACKAGE_STRING "epdfinfo 0.90"
| #define PACKAGE_BUGREPORT "politza@fh-trier.de"
| #define PACKAGE_URL ""
| #define PACKAGE "epdfinfo"
| #define VERSION "0.90"
| #define STDC_HEADERS 1
| #define HAVE_SYS_TYPES_H 1
| #define HAVE_SYS_STAT_H 1
| #define HAVE_STDLIB_H 1
| #define HAVE_STRING_H 1
| #define HAVE_MEMORY_H 1
| #define HAVE_STRINGS_H 1
| #define HAVE_INTTYPES_H 1
| #define HAVE_STDINT_H 1
| #define HAVE_UNISTD_H 1
| #define HAVE_ANNOT_H 1
| #define HAVE_PDFDOCENCODING_H 1
| #define HAVE_POPPLER_FIND_OPTS 1
| #define HAVE_POPPLER_ANNOT_WRITE 1
| #define HAVE_POPPLER_ANNOT_MARKUP 1
| /* end confdefs.h.  */
| #include <ac_nonexistent.h>
configure:6185: checking for stdlib.h
configure:6185: result: yes
configure:6185: checking for string.h
configure:6185: result: yes
configure:6185: checking for strings.h
configure:6185: result: yes
configure:6185: checking err.h usability
configure:6185: gcc -c -g -O2  conftest.c >&5
configure:6185: $? = 0
configure:6185: result: yes
configure:6185: checking err.h presence
configure:6185: gcc -E  conftest.c
configure:6185: $? = 0
configure:6185: result: yes
configure:6185: checking for err.h
configure:6185: result: yes
configure:6196: checking for error.h
configure:6219: gcc -c -I/usr/include/poppler -pthread -I/usr/include/poppler/glib -I/usr/include/poppler -I/usr/include/cairo -I/usr/include/glib-2.0 -I/usr/lib64/glib-2.0/include -I/usr/include/pixman-1 -I/usr/include/freetype2 -I/usr/include/libpng16 -I/usr/include/freetype2 -I/usr/include/libdrm -I/usr/include/libpng16  conftest.c >&5
configure:6219: $? = 0
configure:6223: result: yes
configure:6239: checking for size_t
configure:6239: gcc -c -g -O2  conftest.c >&5
configure:6239: $? = 0
configure:6239: gcc -c -g -O2  conftest.c >&5
conftest.c: In function 'main':
conftest.c:67:21: error: expected expression before ')' token
 if (sizeof ((size_t)))
                     ^
configure:6239: $? = 1
configure: failed program was:
| /* confdefs.h */
| #define PACKAGE_NAME "epdfinfo"
| #define PACKAGE_TARNAME "epdfinfo"
| #define PACKAGE_VERSION "0.90"
| #define PACKAGE_STRING "epdfinfo 0.90"
| #define PACKAGE_BUGREPORT "politza@fh-trier.de"
| #define PACKAGE_URL ""
| #define PACKAGE "epdfinfo"
| #define VERSION "0.90"
| #define STDC_HEADERS 1
| #define HAVE_SYS_TYPES_H 1
| #define HAVE_SYS_STAT_H 1
| #define HAVE_STDLIB_H 1
| #define HAVE_STRING_H 1
| #define HAVE_MEMORY_H 1
| #define HAVE_STRINGS_H 1
| #define HAVE_INTTYPES_H 1
| #define HAVE_STDINT_H 1
| #define HAVE_UNISTD_H 1
| #define HAVE_ANNOT_H 1
| #define HAVE_PDFDOCENCODING_H 1
| #define HAVE_POPPLER_FIND_OPTS 1
| #define HAVE_POPPLER_ANNOT_WRITE 1
| #define HAVE_POPPLER_ANNOT_MARKUP 1
| #define HAVE_STDLIB_H 1
| #define HAVE_STRING_H 1
| #define HAVE_STRINGS_H 1
| #define HAVE_ERR_H 1
| #define HAVE_ERROR_H 1
| /* end confdefs.h.  */
| #include <stdio.h>
| #ifdef HAVE_SYS_TYPES_H
| # include <sys/types.h>
| #endif
| #ifdef HAVE_SYS_STAT_H
| # include <sys/stat.h>
| #endif
| #ifdef STDC_HEADERS
| # include <stdlib.h>
| # include <stddef.h>
| #else
| # ifdef HAVE_STDLIB_H
| #  include <stdlib.h>
| # endif
| #endif
| #ifdef HAVE_STRING_H
| # if !defined STDC_HEADERS && defined HAVE_MEMORY_H
| #  include <memory.h>
| # endif
| # include <string.h>
| #endif
| #ifdef HAVE_STRINGS_H
| # include <strings.h>
| #endif
| #ifdef HAVE_INTTYPES_H
| # include <inttypes.h>
| #endif
| #ifdef HAVE_STDINT_H
| # include <stdint.h>
| #endif
| #ifdef HAVE_UNISTD_H
| # include <unistd.h>
| #endif
| int
| main ()
| {
| if (sizeof ((size_t)))
| 	    return 0;
|   ;
|   return 0;
| }
configure:6239: result: yes
configure:6250: checking for ssize_t
configure:6250: gcc -c -g -O2  conftest.c >&5
configure:6250: $? = 0
configure:6250: gcc -c -g -O2  conftest.c >&5
conftest.c: In function 'main':
conftest.c:67:22: error: expected expression before ')' token
 if (sizeof ((ssize_t)))
                      ^
configure:6250: $? = 1
configure: failed program was:
| /* confdefs.h */
| #define PACKAGE_NAME "epdfinfo"
| #define PACKAGE_TARNAME "epdfinfo"
| #define PACKAGE_VERSION "0.90"
| #define PACKAGE_STRING "epdfinfo 0.90"
| #define PACKAGE_BUGREPORT "politza@fh-trier.de"
| #define PACKAGE_URL ""
| #define PACKAGE "epdfinfo"
| #define VERSION "0.90"
| #define STDC_HEADERS 1
| #define HAVE_SYS_TYPES_H 1
| #define HAVE_SYS_STAT_H 1
| #define HAVE_STDLIB_H 1
| #define HAVE_STRING_H 1
| #define HAVE_MEMORY_H 1
| #define HAVE_STRINGS_H 1
| #define HAVE_INTTYPES_H 1
| #define HAVE_STDINT_H 1
| #define HAVE_UNISTD_H 1
| #define HAVE_ANNOT_H 1
| #define HAVE_PDFDOCENCODING_H 1
| #define HAVE_POPPLER_FIND_OPTS 1
| #define HAVE_POPPLER_ANNOT_WRITE 1
| #define HAVE_POPPLER_ANNOT_MARKUP 1
| #define HAVE_STDLIB_H 1
| #define HAVE_STRING_H 1
| #define HAVE_STRINGS_H 1
| #define HAVE_ERR_H 1
| #define HAVE_ERROR_H 1
| /* end confdefs.h.  */
| #include <stdio.h>
| #ifdef HAVE_SYS_TYPES_H
| # include <sys/types.h>
| #endif
| #ifdef HAVE_SYS_STAT_H
| # include <sys/stat.h>
| #endif
| #ifdef STDC_HEADERS
| # include <stdlib.h>
| # include <stddef.h>
| #else
| # ifdef HAVE_STDLIB_H
| #  include <stdlib.h>
| # endif
| #endif
| #ifdef HAVE_STRING_H
| # if !defined STDC_HEADERS && defined HAVE_MEMORY_H
| #  include <memory.h>
| # endif
| # include <string.h>
| #endif
| #ifdef HAVE_STRINGS_H
| # include <strings.h>
| #endif
| #ifdef HAVE_INTTYPES_H
| # include <inttypes.h>
| #endif
| #ifdef HAVE_STDINT_H
| # include <stdint.h>
| #endif
| #ifdef HAVE_UNISTD_H
| # include <unistd.h>
| #endif
| int
| main ()
| {
| if (sizeof ((ssize_t)))
| 	    return 0;
|   ;
|   return 0;
| }
configure:6250: result: yes
configure:6261: checking for ptrdiff_t
configure:6261: gcc -c -g -O2  conftest.c >&5
configure:6261: $? = 0
configure:6261: gcc -c -g -O2  conftest.c >&5
conftest.c: In function 'main':
conftest.c:67:24: error: expected expression before ')' token
 if (sizeof ((ptrdiff_t)))
                        ^
configure:6261: $? = 1
configure: failed program was:
| /* confdefs.h */
| #define PACKAGE_NAME "epdfinfo"
| #define PACKAGE_TARNAME "epdfinfo"
| #define PACKAGE_VERSION "0.90"
| #define PACKAGE_STRING "epdfinfo 0.90"
| #define PACKAGE_BUGREPORT "politza@fh-trier.de"
| #define PACKAGE_URL ""
| #define PACKAGE "epdfinfo"
| #define VERSION "0.90"
| #define STDC_HEADERS 1
| #define HAVE_SYS_TYPES_H 1
| #define HAVE_SYS_STAT_H 1
| #define HAVE_STDLIB_H 1
| #define HAVE_STRING_H 1
| #define HAVE_MEMORY_H 1
| #define HAVE_STRINGS_H 1
| #define HAVE_INTTYPES_H 1
| #define HAVE_STDINT_H 1
| #define HAVE_UNISTD_H 1
| #define HAVE_ANNOT_H 1
| #define HAVE_PDFDOCENCODING_H 1
| #define HAVE_POPPLER_FIND_OPTS 1
| #define HAVE_POPPLER_ANNOT_WRITE 1
| #define HAVE_POPPLER_ANNOT_MARKUP 1
| #define HAVE_STDLIB_H 1
| #define HAVE_STRING_H 1
| #define HAVE_STRINGS_H 1
| #define HAVE_ERR_H 1
| #define HAVE_ERROR_H 1
| /* end confdefs.h.  */
| #include <stdio.h>
| #ifdef HAVE_SYS_TYPES_H
| # include <sys/types.h>
| #endif
| #ifdef HAVE_SYS_STAT_H
| # include <sys/stat.h>
| #endif
| #ifdef STDC_HEADERS
| # include <stdlib.h>
| # include <stddef.h>
| #else
| # ifdef HAVE_STDLIB_H
| #  include <stdlib.h>
| # endif
| #endif
| #ifdef HAVE_STRING_H
| # if !defined STDC_HEADERS && defined HAVE_MEMORY_H
| #  include <memory.h>
| # endif
| # include <string.h>
| #endif
| #ifdef HAVE_STRINGS_H
| # include <strings.h>
| #endif
| #ifdef HAVE_INTTYPES_H
| # include <inttypes.h>
| #endif
| #ifdef HAVE_STDINT_H
| # include <stdint.h>
| #endif
| #ifdef HAVE_UNISTD_H
| # include <unistd.h>
| #endif
| int
| main ()
| {
| if (sizeof ((ptrdiff_t)))
| 	    return 0;
|   ;
|   return 0;
| }
configure:6261: result: yes
configure:6271: checking whether byte ordering is bigendian
configure:6286: gcc -c -g -O2  conftest.c >&5
conftest.c:33:9: error: unknown type name 'not'
         not a universal capable compiler
         ^~~
conftest.c:33:15: error: expected '=', ',', ';', 'asm' or '__attribute__' before 'universal'
         not a universal capable compiler
               ^~~~~~~~~
conftest.c:33:15: error: unknown type name 'universal'
configure:6286: $? = 1
configure: failed program was:
| /* confdefs.h */
| #define PACKAGE_NAME "epdfinfo"
| #define PACKAGE_TARNAME "epdfinfo"
| #define PACKAGE_VERSION "0.90"
| #define PACKAGE_STRING "epdfinfo 0.90"
| #define PACKAGE_BUGREPORT "politza@fh-trier.de"
| #define PACKAGE_URL ""
| #define PACKAGE "epdfinfo"
| #define VERSION "0.90"
| #define STDC_HEADERS 1
| #define HAVE_SYS_TYPES_H 1
| #define HAVE_SYS_STAT_H 1
| #define HAVE_STDLIB_H 1
| #define HAVE_STRING_H 1
| #define HAVE_MEMORY_H 1
| #define HAVE_STRINGS_H 1
| #define HAVE_INTTYPES_H 1
| #define HAVE_STDINT_H 1
| #define HAVE_UNISTD_H 1
| #define HAVE_ANNOT_H 1
| #define HAVE_PDFDOCENCODING_H 1
| #define HAVE_POPPLER_FIND_OPTS 1
| #define HAVE_POPPLER_ANNOT_WRITE 1
| #define HAVE_POPPLER_ANNOT_MARKUP 1
| #define HAVE_STDLIB_H 1
| #define HAVE_STRING_H 1
| #define HAVE_STRINGS_H 1
| #define HAVE_ERR_H 1
| #define HAVE_ERROR_H 1
| #define HAVE_PTRDIFF_T 1
| /* end confdefs.h.  */
| #ifndef __APPLE_CC__
| 	       not a universal capable compiler
| 	     #endif
| 	     typedef int dummy;
| 
configure:6331: gcc -c -g -O2  conftest.c >&5
configure:6331: $? = 0
configure:6349: gcc -c -g -O2  conftest.c >&5
conftest.c: In function 'main':
conftest.c:39:4: error: unknown type name 'not'
    not big endian
    ^~~
conftest.c:39:12: error: expected '=', ',', ';', 'asm' or '__attribute__' before 'endian'
    not big endian
            ^~~~~~
configure:6349: $? = 1
configure: failed program was:
| /* confdefs.h */
| #define PACKAGE_NAME "epdfinfo"
| #define PACKAGE_TARNAME "epdfinfo"
| #define PACKAGE_VERSION "0.90"
| #define PACKAGE_STRING "epdfinfo 0.90"
| #define PACKAGE_BUGREPORT "politza@fh-trier.de"
| #define PACKAGE_URL ""
| #define PACKAGE "epdfinfo"
| #define VERSION "0.90"
| #define STDC_HEADERS 1
| #define HAVE_SYS_TYPES_H 1
| #define HAVE_SYS_STAT_H 1
| #define HAVE_STDLIB_H 1
| #define HAVE_STRING_H 1
| #define HAVE_MEMORY_H 1
| #define HAVE_STRINGS_H 1
| #define HAVE_INTTYPES_H 1
| #define HAVE_STDINT_H 1
| #define HAVE_UNISTD_H 1
| #define HAVE_ANNOT_H 1
| #define HAVE_PDFDOCENCODING_H 1
| #define HAVE_POPPLER_FIND_OPTS 1
| #define HAVE_POPPLER_ANNOT_WRITE 1
| #define HAVE_POPPLER_ANNOT_MARKUP 1
| #define HAVE_STDLIB_H 1
| #define HAVE_STRING_H 1
| #define HAVE_STRINGS_H 1
| #define HAVE_ERR_H 1
| #define HAVE_ERROR_H 1
| #define HAVE_PTRDIFF_T 1
| /* end confdefs.h.  */
| #include <sys/types.h>
| 		#include <sys/param.h>
| 
| int
| main ()
| {
| #if BYTE_ORDER != BIG_ENDIAN
| 		 not big endian
| 		#endif
| 
|   ;
|   return 0;
| }
configure:6477: result: no
configure:6497: checking for error_at_line
configure:6513: gcc -o conftest -g -O2   conftest.c  >&5
configure:6513: $? = 0
configure:6521: result: yes
configure:6532: checking for working strtod
configure:6573: gcc -o conftest -g -O2   conftest.c  >&5
configure:6573: $? = 0
configure:6573: ./conftest
configure:6573: $? = 0
configure:6583: result: yes
configure:6648: checking for strcspn
configure:6648: gcc -o conftest -g -O2   conftest.c  >&5
conftest.c:55:6: warning: conflicting types for built-in function 'strcspn'
 char strcspn ();
      ^~~~~~~
configure:6648: $? = 0
configure:6648: result: yes
configure:6648: checking for strtol
configure:6648: gcc -o conftest -g -O2   conftest.c  >&5
configure:6648: $? = 0
configure:6648: result: yes
configure:6648: checking for getline
configure:6648: gcc -o conftest -g -O2   conftest.c  >&5
configure:6648: $? = 0
configure:6648: result: yes
configure:6769: checking that generated files are newer than configure
configure:6775: result: done
configure:6807: creating ./config.status

## ---------------------- ##
## Running config.status. ##
## ---------------------- ##

This file was extended by epdfinfo config.status 0.90, which was
generated by GNU Autoconf 2.69.  Invocation command line was

  CONFIG_FILES    = 
  CONFIG_HEADERS  = 
  CONFIG_LINKS    = 
  CONFIG_COMMANDS = 
  $ ./config.status --quiet

on localhost.localdomain

config.status:901: creating Makefile
config.status:901: creating config.h
config.status:1130: executing depfiles commands

## ---------------- ##
## Cache variables. ##
## ---------------- ##

ac_cv_build=x86_64-unknown-linux-gnu
ac_cv_c_bigendian=no
ac_cv_c_compiler_gnu=yes
ac_cv_cxx_compiler_gnu=yes
ac_cv_env_CCC_set=
ac_cv_env_CCC_value=
ac_cv_env_CC_set=
ac_cv_env_CC_value=
ac_cv_env_CFLAGS_set=
ac_cv_env_CFLAGS_value=
ac_cv_env_CPPFLAGS_set=
ac_cv_env_CPPFLAGS_value=
ac_cv_env_CPP_set=
ac_cv_env_CPP_value=
ac_cv_env_CXXCPP_set=
ac_cv_env_CXXCPP_value=
ac_cv_env_CXXFLAGS_set=
ac_cv_env_CXXFLAGS_value=
ac_cv_env_CXX_set=
ac_cv_env_CXX_value=
ac_cv_env_LDFLAGS_set=
ac_cv_env_LDFLAGS_value=
ac_cv_env_LIBS_set=
ac_cv_env_LIBS_value=
ac_cv_env_PKG_CONFIG_LIBDIR_set=
ac_cv_env_PKG_CONFIG_LIBDIR_value=
ac_cv_env_PKG_CONFIG_PATH_set=
ac_cv_env_PKG_CONFIG_PATH_value=
ac_cv_env_PKG_CONFIG_set=
ac_cv_env_PKG_CONFIG_value=
ac_cv_env_build_alias_set=
ac_cv_env_build_alias_value=
ac_cv_env_glib_CFLAGS_set=
ac_cv_env_glib_CFLAGS_value=
ac_cv_env_glib_LIBS_set=
ac_cv_env_glib_LIBS_value=
ac_cv_env_host_alias_set=
ac_cv_env_host_alias_value=
ac_cv_env_png_CFLAGS_set=
ac_cv_env_png_CFLAGS_value=
ac_cv_env_png_LIBS_set=
ac_cv_env_png_LIBS_value=
ac_cv_env_poppler_CFLAGS_set=
ac_cv_env_poppler_CFLAGS_value=
ac_cv_env_poppler_LIBS_set=
ac_cv_env_poppler_LIBS_value=
ac_cv_env_poppler_glib_CFLAGS_set=
ac_cv_env_poppler_glib_CFLAGS_value=
ac_cv_env_poppler_glib_LIBS_set=
ac_cv_env_poppler_glib_LIBS_value=
ac_cv_env_target_alias_set=
ac_cv_env_target_alias_value=
ac_cv_env_zlib_CFLAGS_set=
ac_cv_env_zlib_CFLAGS_value=
ac_cv_env_zlib_LIBS_set=
ac_cv_env_zlib_LIBS_value=
ac_cv_func_getline=yes
ac_cv_func_strcspn=yes
ac_cv_func_strtod=yes
ac_cv_func_strtol=yes
ac_cv_header_Annot_h=yes
ac_cv_header_PDFDocEncoding_h=yes
ac_cv_header_err_h=yes
ac_cv_header_inttypes_h=yes
ac_cv_header_memory_h=yes
ac_cv_header_stdc=yes
ac_cv_header_stdint_h=yes
ac_cv_header_stdlib_h=yes
ac_cv_header_string_h=yes
ac_cv_header_strings_h=yes
ac_cv_header_sys_stat_h=yes
ac_cv_header_sys_types_h=yes
ac_cv_header_unistd_h=yes
ac_cv_host=x86_64-unknown-linux-gnu
ac_cv_lib_error_at_line=yes
ac_cv_objext=o
ac_cv_path_EGREP='/usr/bin/grep -E'
ac_cv_path_GREP=/usr/bin/grep
ac_cv_path_ac_pt_PKG_CONFIG=/usr/bin/pkg-config
ac_cv_path_install='/usr/bin/install -c'
ac_cv_path_mkdir=/usr/bin/mkdir
ac_cv_prog_AWK=gawk
ac_cv_prog_CPP='gcc -E'
ac_cv_prog_CXXCPP='g++ -E'
ac_cv_prog_ac_ct_AR=ar
ac_cv_prog_ac_ct_CC=gcc
ac_cv_prog_ac_ct_CXX=g++
ac_cv_prog_ac_ct_RANLIB=ranlib
ac_cv_prog_cc_c89=
ac_cv_prog_cc_g=yes
ac_cv_prog_cxx_g=yes
ac_cv_prog_make_make_set=yes
ac_cv_type_ptrdiff_t=yes
ac_cv_type_size_t=yes
ac_cv_type_ssize_t=yes
am_cv_CC_dependencies_compiler_type=gcc3
am_cv_CXX_dependencies_compiler_type=gcc3
am_cv_ar_interface=ar
am_cv_make_support_nested_variables=yes
am_cv_prog_cc_c_o=yes
ax_cv_check_cxxflags___std_cpp11=yes
pkg_cv_glib_CFLAGS='-I/usr/include/glib-2.0 -I/usr/lib64/glib-2.0/include'
pkg_cv_glib_LIBS=-lglib-2.0
pkg_cv_png_CFLAGS=-I/usr/include/libpng16
pkg_cv_png_LIBS=-lpng16
pkg_cv_poppler_CFLAGS=-I/usr/include/poppler
pkg_cv_poppler_LIBS=-lpoppler
pkg_cv_poppler_glib_CFLAGS='-pthread -I/usr/include/poppler/glib -I/usr/include/poppler -I/usr/include/cairo -I/usr/include/glib-2.0 -I/usr/lib64/glib-2.0/include -I/usr/include/pixman-1 -I/usr/include/freetype2 -I/usr/include/libpng16 -I/usr/include/freetype2 -I/usr/include/libdrm -I/usr/include/libpng16'
pkg_cv_poppler_glib_LIBS='-lpoppler-glib -lgio-2.0 -lgobject-2.0 -lglib-2.0 -lcairo'
pkg_cv_zlib_CFLAGS=
pkg_cv_zlib_LIBS=-lz

## ----------------- ##
## Output variables. ##
## ----------------- ##

ACLOCAL='${SHELL} /root/workspace/config/emacs.d/elpa/pdf-tools-20171012.2226/build/server/missing aclocal-1.15'
AMDEPBACKSLASH='\'
AMDEP_FALSE='#'
AMDEP_TRUE=''
AMTAR='$${TAR-tar}'
AM_BACKSLASH='\'
AM_DEFAULT_V='$(AM_DEFAULT_VERBOSITY)'
AM_DEFAULT_VERBOSITY='1'
AM_V='$(V)'
AR='ar'
AUTOCONF='${SHELL} /root/workspace/config/emacs.d/elpa/pdf-tools-20171012.2226/build/server/missing autoconf'
AUTOHEADER='${SHELL} /root/workspace/config/emacs.d/elpa/pdf-tools-20171012.2226/build/server/missing autoheader'
AUTOMAKE='${SHELL} /root/workspace/config/emacs.d/elpa/pdf-tools-20171012.2226/build/server/missing automake-1.15'
AWK='gawk'
CC='gcc'
CCDEPMODE='depmode=gcc3'
CFLAGS='-g -O2'
CPP='gcc -E'
CPPFLAGS=''
CXX='g++'
CXXCPP='g++ -E'
CXXDEPMODE='depmode=gcc3'
CXXFLAGS='-std=c++11 -g -O2'
CYGPATH_W='echo'
DEFS='-DHAVE_CONFIG_H'
DEPDIR='.deps'
ECHO_C=''
ECHO_N='-n'
ECHO_T=''
EGREP='/usr/bin/grep -E'
EXEEXT=''
GREP='/usr/bin/grep'
HAVE_W32_FALSE=''
HAVE_W32_TRUE='#'
INSTALL_DATA='${INSTALL} -m 644'
INSTALL_PROGRAM='${INSTALL}'
INSTALL_SCRIPT='${INSTALL}'
INSTALL_STRIP_PROGRAM='$(install_sh) -c -s'
LDFLAGS=''
LIBOBJS=''
LIBS=''
LTLIBOBJS=''
MAKEINFO='${SHELL} /root/workspace/config/emacs.d/elpa/pdf-tools-20171012.2226/build/server/missing makeinfo'
MKDIR_P='/usr/bin/mkdir -p'
OBJEXT='o'
PACKAGE='epdfinfo'
PACKAGE_BUGREPORT='politza@fh-trier.de'
PACKAGE_NAME='epdfinfo'
PACKAGE_STRING='epdfinfo 0.90'
PACKAGE_TARNAME='epdfinfo'
PACKAGE_URL=''
PACKAGE_VERSION='0.90'
PATH_SEPARATOR=':'
PKG_CONFIG='/usr/bin/pkg-config'
PKG_CONFIG_LIBDIR=''
PKG_CONFIG_PATH=''
POW_LIB=''
RANLIB='ranlib'
SET_MAKE=''
SHELL='/bin/sh'
STRIP=''
VERSION='0.90'
ac_ct_AR='ar'
ac_ct_CC='gcc'
ac_ct_CXX='g++'
am__EXEEXT_FALSE=''
am__EXEEXT_TRUE='#'
am__fastdepCC_FALSE='#'
am__fastdepCC_TRUE=''
am__fastdepCXX_FALSE='#'
am__fastdepCXX_TRUE=''
am__include='include'
am__isrc=''
am__leading_dot='.'
am__nodep='_no'
am__quote=''
am__tar='$${TAR-tar} chof - "$$tardir"'
am__untar='$${TAR-tar} xf -'
bindir='/root/.emacs.d/elpa/pdf-tools-20171012.2226'
build='x86_64-unknown-linux-gnu'
build_alias=''
build_cpu='x86_64'
build_os='linux-gnu'
build_vendor='unknown'
datadir='${datarootdir}'
datarootdir='${prefix}/share'
docdir='${datarootdir}/doc/${PACKAGE_TARNAME}'
dvidir='${docdir}'
exec_prefix='${prefix}'
glib_CFLAGS='-I/usr/include/glib-2.0 -I/usr/lib64/glib-2.0/include'
glib_LIBS='-lglib-2.0'
host='x86_64-unknown-linux-gnu'
host_alias=''
host_cpu='x86_64'
host_os='linux-gnu'
host_vendor='unknown'
htmldir='${docdir}'
includedir='${prefix}/include'
infodir='${datarootdir}/info'
install_sh='${SHELL} /root/workspace/config/emacs.d/elpa/pdf-tools-20171012.2226/build/server/install-sh'
libdir='${exec_prefix}/lib'
libexecdir='${exec_prefix}/libexec'
localedir='${datarootdir}/locale'
localstatedir='${prefix}/var'
mandir='${datarootdir}/man'
mkdir_p='$(MKDIR_P)'
oldincludedir='/usr/include'
pdfdir='${docdir}'
png_CFLAGS='-I/usr/include/libpng16'
png_LIBS='-lpng16'
poppler_CFLAGS='-I/usr/include/poppler'
poppler_LIBS='-lpoppler'
poppler_glib_CFLAGS='-pthread -I/usr/include/poppler/glib -I/usr/include/poppler -I/usr/include/cairo -I/usr/include/glib-2.0 -I/usr/lib64/glib-2.0/include -I/usr/include/pixman-1 -I/usr/include/freetype2 -I/usr/include/libpng16 -I/usr/include/freetype2 -I/usr/include/libdrm -I/usr/include/libpng16'
poppler_glib_LIBS='-lpoppler-glib -lgio-2.0 -lgobject-2.0 -lglib-2.0 -lcairo'
prefix='/usr/local'
program_transform_name='s,x,x,'
psdir='${docdir}'
sbindir='${exec_prefix}/sbin'
sharedstatedir='${prefix}/com'
sysconfdir='${prefix}/etc'
target_alias=''
zlib_CFLAGS=''
zlib_LIBS='-lz'

## ----------- ##
## confdefs.h. ##
## ----------- ##

/* confdefs.h */
#define PACKAGE_NAME "epdfinfo"
#define PACKAGE_TARNAME "epdfinfo"
#define PACKAGE_VERSION "0.90"
#define PACKAGE_STRING "epdfinfo 0.90"
#define PACKAGE_BUGREPORT "politza@fh-trier.de"
#define PACKAGE_URL ""
#define PACKAGE "epdfinfo"
#define VERSION "0.90"
#define STDC_HEADERS 1
#define HAVE_SYS_TYPES_H 1
#define HAVE_SYS_STAT_H 1
#define HAVE_STDLIB_H 1
#define HAVE_STRING_H 1
#define HAVE_MEMORY_H 1
#define HAVE_STRINGS_H 1
#define HAVE_INTTYPES_H 1
#define HAVE_STDINT_H 1
#define HAVE_UNISTD_H 1
#define HAVE_ANNOT_H 1
#define HAVE_PDFDOCENCODING_H 1
#define HAVE_POPPLER_FIND_OPTS 1
#define HAVE_POPPLER_ANNOT_WRITE 1
#define HAVE_POPPLER_ANNOT_MARKUP 1
#define HAVE_STDLIB_H 1
#define HAVE_STRING_H 1
#define HAVE_STRINGS_H 1
#define HAVE_ERR_H 1
#define HAVE_ERROR_H 1
#define HAVE_PTRDIFF_T 1
#define HAVE_STRCSPN 1
#define HAVE_STRTOL 1
#define HAVE_GETLINE 1

configure: exit 0
